{"total": {"lines":{"total":529,"covered":514,"skipped":0,"pct":97.16},"statements":{"total":529,"covered":514,"skipped":0,"pct":97.16},"functions":{"total":46,"covered":40,"skipped":0,"pct":86.95},"branches":{"total":112,"covered":91,"skipped":0,"pct":81.25},"branchesTrue":{"total":0,"covered":0,"skipped":0,"pct":"Unknown"}}
,"/Users/vncsleal/Downloads/projects/saw/packages/core/src/agent.ts": {"lines":{"total":32,"covered":32,"skipped":0,"pct":100},"functions":{"total":1,"covered":1,"skipped":0,"pct":100},"statements":{"total":32,"covered":32,"skipped":0,"pct":100},"branches":{"total":1,"covered":1,"skipped":0,"pct":100}}
,"/Users/vncsleal/Downloads/projects/saw/packages/core/src/auth.ts": {"lines":{"total":48,"covered":48,"skipped":0,"pct":100},"functions":{"total":5,"covered":5,"skipped":0,"pct":100},"statements":{"total":48,"covered":48,"skipped":0,"pct":100},"branches":{"total":14,"covered":10,"skipped":0,"pct":71.42}}
,"/Users/vncsleal/Downloads/projects/saw/packages/core/src/canary.ts": {"lines":{"total":44,"covered":41,"skipped":0,"pct":93.18},"functions":{"total":4,"covered":3,"skipped":0,"pct":75},"statements":{"total":44,"covered":41,"skipped":0,"pct":93.18},"branches":{"total":10,"covered":8,"skipped":0,"pct":80}}
,"/Users/vncsleal/Downloads/projects/saw/packages/core/src/canonicalize.ts": {"lines":{"total":88,"covered":77,"skipped":0,"pct":87.5},"functions":{"total":5,"covered":5,"skipped":0,"pct":100},"statements":{"total":88,"covered":77,"skipped":0,"pct":87.5},"branches":{"total":32,"covered":26,"skipped":0,"pct":81.25}}
,"/Users/vncsleal/Downloads/projects/saw/packages/core/src/crypto.ts": {"lines":{"total":37,"covered":37,"skipped":0,"pct":100},"functions":{"total":6,"covered":6,"skipped":0,"pct":100},"statements":{"total":37,"covered":37,"skipped":0,"pct":100},"branches":{"total":7,"covered":6,"skipped":0,"pct":85.71}}
,"/Users/vncsleal/Downloads/projects/saw/packages/core/src/diff.ts": {"lines":{"total":29,"covered":29,"skipped":0,"pct":100},"functions":{"total":2,"covered":2,"skipped":0,"pct":100},"statements":{"total":29,"covered":29,"skipped":0,"pct":100},"branches":{"total":9,"covered":7,"skipped":0,"pct":77.77}}
,"/Users/vncsleal/Downloads/projects/saw/packages/core/src/ephemeral.ts": {"lines":{"total":64,"covered":64,"skipped":0,"pct":100},"functions":{"total":8,"covered":8,"skipped":0,"pct":100},"statements":{"total":64,"covered":64,"skipped":0,"pct":100},"branches":{"total":18,"covered":17,"skipped":0,"pct":94.44}}
,"/Users/vncsleal/Downloads/projects/saw/packages/core/src/feed.ts": {"lines":{"total":47,"covered":47,"skipped":0,"pct":100},"functions":{"total":1,"covered":1,"skipped":0,"pct":100},"statements":{"total":47,"covered":47,"skipped":0,"pct":100},"branches":{"total":7,"covered":5,"skipped":0,"pct":71.42}}
,"/Users/vncsleal/Downloads/projects/saw/packages/core/src/index.ts": {"lines":{"total":11,"covered":11,"skipped":0,"pct":100},"functions":{"total":0,"covered":0,"skipped":0,"pct":100},"statements":{"total":11,"covered":11,"skipped":0,"pct":100},"branches":{"total":0,"covered":0,"skipped":0,"pct":100}}
,"/Users/vncsleal/Downloads/projects/saw/packages/core/src/llmsTxt.ts": {"lines":{"total":18,"covered":18,"skipped":0,"pct":100},"functions":{"total":1,"covered":1,"skipped":0,"pct":100},"statements":{"total":18,"covered":18,"skipped":0,"pct":100},"branches":{"total":1,"covered":1,"skipped":0,"pct":100}}
,"/Users/vncsleal/Downloads/projects/saw/packages/core/src/schemas.ts": {"lines":{"total":41,"covered":41,"skipped":0,"pct":100},"functions":{"total":0,"covered":0,"skipped":0,"pct":100},"statements":{"total":41,"covered":41,"skipped":0,"pct":100},"branches":{"total":0,"covered":0,"skipped":0,"pct":100}}
,"/Users/vncsleal/Downloads/projects/saw/packages/core/src/store.ts": {"lines":{"total":70,"covered":69,"skipped":0,"pct":98.57},"functions":{"total":13,"covered":8,"skipped":0,"pct":61.53},"statements":{"total":70,"covered":69,"skipped":0,"pct":98.57},"branches":{"total":13,"covered":10,"skipped":0,"pct":76.92}}
}
