TN:
SF:packages/core/src/agent.ts
FN:22,buildAgentDescriptor
FNF:1
FNH:1
FNDA:1,buildAgentDescriptor
DA:1,1
DA:2,1
DA:3,1
DA:4,1
DA:5,1
DA:6,1
DA:7,1
DA:8,1
DA:9,1
DA:10,1
DA:11,1
DA:12,1
DA:13,1
DA:14,1
DA:15,1
DA:16,1
DA:17,1
DA:18,1
DA:19,1
DA:20,1
DA:21,1
DA:22,1
DA:23,1
DA:24,1
DA:25,1
DA:26,1
DA:27,1
DA:28,1
DA:29,1
DA:30,1
DA:31,1
DA:32,1
LF:32
LH:32
BRDA:22,0,0,1
BRF:1
BRH:1
end_of_record
TN:
SF:packages/core/src/auth.ts
FN:9,generateApiKey
FN:17,sha256HexRaw
FN:21,computeRequestSignature
FN:28,verifyRequestSignature
FN:42,timingSafeEqualHex
FNF:5
FNH:5
FNDA:5,generateApiKey
FNDA:5,sha256HexRaw
FNDA:4,computeRequestSignature
FNDA:3,verifyRequestSignature
FNDA:2,timingSafeEqualHex
DA:1,1
DA:2,1
DA:3,1
DA:4,1
DA:5,1
DA:6,1
DA:7,1
DA:8,1
DA:9,1
DA:10,5
DA:11,5
DA:12,5
DA:13,5
DA:14,5
DA:15,5
DA:16,1
DA:17,1
DA:18,5
DA:19,5
DA:20,1
DA:21,1
DA:22,4
DA:23,4
DA:24,4
DA:25,1
DA:26,1
DA:27,1
DA:28,1
DA:29,3
DA:30,3
DA:31,3
DA:32,3
DA:33,3
DA:34,3
DA:35,3
DA:36,3
DA:37,2
DA:38,3
DA:39,1
DA:40,1
DA:41,1
DA:42,2
DA:43,2
DA:44,1
DA:45,1
DA:46,2
DA:47,1
DA:48,1
LF:48
LH:48
BRDA:9,0,0,5
BRDA:17,1,0,5
BRDA:21,2,0,4
BRDA:28,3,0,3
BRDA:32,4,0,0
BRDA:33,5,0,0
BRDA:34,6,0,0
BRDA:36,7,0,1
BRDA:36,8,0,2
BRDA:38,9,0,1
BRDA:42,10,0,2
BRDA:43,11,0,1
BRDA:46,12,0,0
BRDA:46,13,0,1
BRF:14
BRH:10
end_of_record
TN:
SF:packages/core/src/canary.ts
FN:13,toBase62
FN:22,generateStaticCanary
FN:32,emit
FN:38,enrichBlocksWithCanaries
FNF:4
FNH:3
FNDA:210,toBase62
FNDA:210,generateStaticCanary
FNDA:0,emit
FNDA:4,enrichBlocksWithCanaries
DA:1,1
DA:2,1
DA:3,1
DA:4,1
DA:5,1
DA:6,1
DA:7,1
DA:8,1
DA:9,1
DA:10,1
DA:11,1
DA:12,1
DA:13,210
DA:14,210
DA:15,210
DA:16,210
DA:17,210
DA:18,210
DA:19,210
DA:20,210
DA:21,1
DA:22,1
DA:23,210
DA:24,210
DA:25,210
DA:26,210
DA:27,210
DA:28,210
DA:29,1
DA:30,1
DA:31,1
DA:32,1
DA:33,0
DA:34,0
DA:35,0
DA:36,1
DA:37,1
DA:38,1
DA:39,4
DA:40,4
DA:41,4
DA:42,4
DA:43,4
DA:44,4
LF:44
LH:41
BRDA:13,0,0,210
BRDA:18,1,0,9026
BRDA:19,2,0,0
BRDA:22,3,0,210
BRDA:24,4,0,4
BRDA:24,5,0,206
BRDA:26,6,0,208
BRDA:38,7,0,4
BRDA:39,8,0,4
BRDA:41,9,0,0
BRF:10
BRH:8
end_of_record
TN:
SF:packages/core/src/canonicalize.ts
FN:6,canonicalize
FN:10,canon
FN:39,expandExponent
FN:81,sha256Hex
FN:85,hashCanonical
FNF:5
FNH:5
FNDA:62,canonicalize
FNDA:361,canon
FNDA:1,expandExponent
FNDA:44,sha256Hex
FNDA:40,hashCanonical
DA:1,1
DA:2,1
DA:3,1
DA:4,1
DA:5,1
DA:6,1
DA:7,62
DA:8,62
DA:9,1
DA:10,361
DA:11,361
DA:12,357
DA:13,361
DA:14,69
DA:15,69
DA:16,69
DA:17,1
DA:18,1
DA:19,1
DA:20,69
DA:21,8
DA:22,8
DA:23,8
DA:24,8
DA:25,69
DA:26,69
DA:27,361
DA:28,361
DA:29,361
DA:30,102
DA:31,102
DA:32,102
DA:33,102
DA:34,102
DA:35,102
DA:36,0
DA:37,0
DA:38,1
DA:39,1
DA:40,1
DA:41,1
DA:42,1
DA:43,1
DA:44,1
DA:45,1
DA:46,1
DA:47,1
DA:48,1
DA:49,0
DA:50,0
DA:51,0
DA:52,0
DA:53,0
DA:54,0
DA:55,0
DA:56,0
DA:57,0
DA:58,1
DA:59,1
DA:60,1
DA:61,1
DA:62,7
DA:63,6
DA:64,7
DA:65,1
DA:66,1
DA:67,1
DA:68,7
DA:69,7
DA:70,1
DA:71,1
DA:72,1
DA:73,1
DA:74,1
DA:75,1
DA:76,1
DA:77,1
DA:78,1
DA:79,1
DA:80,1
DA:81,1
DA:82,44
DA:83,44
DA:84,1
DA:85,1
DA:86,40
DA:87,40
DA:88,40
LF:88
LH:77
BRDA:6,0,0,62
BRDA:10,1,0,361
BRDA:11,2,0,4
BRDA:11,3,0,357
BRDA:13,4,0,69
BRDA:14,5,0,0
BRDA:16,6,0,68
BRDA:16,7,0,1
BRDA:20,8,0,8
BRDA:23,9,0,0
BRDA:26,10,0,288
BRDA:27,11,0,353
BRDA:27,12,0,136
BRDA:27,13,0,152
BRDA:28,14,0,8
BRDA:28,15,0,5
BRDA:28,16,0,3
BRDA:28,17,0,144
BRDA:29,18,0,304
BRDA:29,19,0,42
BRDA:29,20,0,102
BRDA:33,21,0,238
BRDA:35,22,0,0
BRDA:39,23,0,1
BRDA:42,24,0,0
BRDA:47,25,0,0
BRDA:48,26,0,0
BRDA:61,27,0,7
BRDA:62,28,0,6
BRDA:64,29,0,1
BRDA:81,30,0,44
BRDA:85,31,0,40
BRF:32
BRH:26
end_of_record
TN:
SF:packages/core/src/crypto.ts
FN:7,generateKeyPair
FN:10,generateKeyPairFromSeed
FN:16,signDetached
FN:20,verifyDetached
FN:24,signFeed
FN:32,verifyFeedSignature
FNF:6
FNH:6
FNDA:3,generateKeyPair
FNDA:6,generateKeyPairFromSeed
FNDA:9,signDetached
FNDA:7,verifyDetached
FNDA:9,signFeed
FNDA:7,verifyFeedSignature
DA:1,1
DA:2,1
DA:3,1
DA:4,1
DA:5,1
DA:6,1
DA:7,1
DA:8,1
DA:9,1
DA:10,1
DA:11,6
DA:12,6
DA:13,6
DA:14,6
DA:15,1
DA:16,1
DA:17,9
DA:18,9
DA:19,1
DA:20,1
DA:21,7
DA:22,7
DA:23,1
DA:24,1
DA:25,9
DA:26,9
DA:27,9
DA:28,9
DA:29,9
DA:30,9
DA:31,1
DA:32,1
DA:33,7
DA:34,7
DA:35,7
DA:36,7
DA:37,7
LF:37
LH:37
BRDA:7,0,0,3
BRDA:10,1,0,6
BRDA:16,2,0,9
BRDA:20,3,0,7
BRDA:24,4,0,9
BRDA:26,5,0,0
BRDA:32,6,0,7
BRF:7
BRH:6
end_of_record
TN:
SF:packages/core/src/diff.ts
FN:6,computeDiff
FN:26,verifySignedDiff
FNF:2
FNH:2
FNDA:3,computeDiff
FNDA:4,verifySignedDiff
DA:1,1
DA:2,1
DA:3,1
DA:4,1
DA:5,1
DA:6,1
DA:7,3
DA:8,3
DA:9,3
DA:10,3
DA:11,4
DA:12,4
DA:13,3
DA:14,3
DA:15,1
DA:16,1
DA:17,4
DA:18,4
DA:19,3
DA:20,3
DA:21,3
DA:22,3
DA:23,3
DA:24,1
DA:25,1
DA:26,1
DA:27,4
DA:28,4
DA:29,4
LF:29
LH:29
BRDA:6,0,0,3
BRDA:7,1,0,0
BRDA:10,2,0,4
BRDA:12,3,0,3
BRDA:14,4,0,1
BRDA:14,5,0,0
BRDA:8,6,0,2
BRDA:21,7,0,1
BRDA:26,8,0,4
BRF:9
BRH:7
end_of_record
TN:
SF:packages/core/src/ephemeral.ts
FN:5,randomBase62
FN:17,EphemeralCanaryStore
FN:18,issue
FN:24,sweep
FN:29,lookup
FN:36,size
FN:45,detectCanaries
FN:56,mapDetectedTokens
FNF:8
FNH:8
FNDA:3,randomBase62
FNDA:3,EphemeralCanaryStore
FNDA:3,issue
FNDA:5,sweep
FNDA:4,lookup
FNDA:1,size
FNDA:3,detectCanaries
FNDA:2,mapDetectedTokens
DA:1,1
DA:2,1
DA:3,1
DA:4,1
DA:5,3
DA:6,3
DA:7,3
DA:8,3
DA:9,3
DA:10,3
DA:11,1
DA:12,1
DA:13,1
DA:14,1
DA:15,1
DA:16,1
DA:17,1
DA:18,1
DA:19,3
DA:20,3
DA:21,3
DA:22,3
DA:23,3
DA:24,1
DA:25,5
DA:26,5
DA:27,5
DA:28,5
DA:29,1
DA:30,4
DA:31,4
DA:32,4
DA:33,4
DA:34,2
DA:35,4
DA:36,1
DA:37,1
DA:38,1
DA:39,1
DA:40,1
DA:41,1
DA:42,1
DA:43,1
DA:44,1
DA:45,1
DA:46,3
DA:47,3
DA:48,3
DA:49,3
DA:50,2
DA:51,3
DA:52,3
DA:53,1
DA:54,1
DA:55,1
DA:56,1
DA:57,2
DA:58,2
DA:59,2
DA:60,2
DA:61,2
DA:62,2
DA:63,2
DA:64,2
LF:64
LH:64
BRDA:5,0,0,3
BRDA:8,1,0,30
BRDA:17,2,0,3
BRDA:18,3,0,3
BRDA:24,4,0,5
BRDA:26,5,0,2
BRDA:29,6,0,4
BRDA:32,7,0,2
BRDA:33,8,0,0
BRDA:33,9,0,2
BRDA:36,10,0,1
BRDA:45,11,0,3
BRDA:46,12,0,1
BRDA:49,13,0,1
BRDA:49,14,0,2
BRDA:50,15,0,1
BRDA:56,16,0,2
BRDA:61,17,0,1
BRF:18
BRH:17
end_of_record
TN:
SF:packages/core/src/feed.ts
FN:14,buildFeed
FNF:1
FNH:1
FNDA:4,buildFeed
DA:1,1
DA:2,1
DA:3,1
DA:4,1
DA:5,1
DA:6,1
DA:7,1
DA:8,1
DA:9,1
DA:10,1
DA:11,1
DA:12,1
DA:13,1
DA:14,1
DA:15,4
DA:16,4
DA:17,4
DA:18,4
DA:19,4
DA:20,4
DA:21,4
DA:22,4
DA:23,4
DA:24,4
DA:25,4
DA:26,4
DA:27,4
DA:28,4
DA:29,4
DA:30,4
DA:31,4
DA:32,4
DA:33,3
DA:34,3
DA:35,3
DA:36,4
DA:37,4
DA:38,4
DA:39,4
DA:40,4
DA:41,4
DA:42,4
DA:43,4
DA:44,4
DA:45,4
DA:46,4
DA:47,4
LF:47
LH:47
BRDA:14,0,0,4
BRDA:16,1,0,3
BRDA:16,2,0,1
BRDA:17,3,0,0
BRDA:45,4,0,0
BRDA:18,5,0,4
BRDA:32,6,0,3
BRF:7
BRH:5
end_of_record
TN:
SF:packages/core/src/index.ts
FNF:0
FNH:0
DA:1,1
DA:2,1
DA:3,1
DA:4,1
DA:5,1
DA:6,1
DA:7,1
DA:8,1
DA:9,1
DA:10,1
DA:11,1
LF:11
LH:11
BRF:0
BRH:0
end_of_record
TN:
SF:packages/core/src/llmsTxt.ts
FN:9,generateLlmsTxt
FNF:1
FNH:1
FNDA:1,generateLlmsTxt
DA:1,1
DA:2,1
DA:3,1
DA:4,1
DA:5,1
DA:6,1
DA:7,1
DA:8,1
DA:9,1
DA:10,1
DA:11,1
DA:12,1
DA:13,1
DA:14,1
DA:15,1
DA:16,1
DA:17,1
DA:18,1
LF:18
LH:18
BRDA:9,0,0,1
BRF:1
BRH:1
end_of_record
TN:
SF:packages/core/src/schemas.ts
FNF:0
FNH:0
DA:1,1
DA:2,1
DA:3,1
DA:4,1
DA:5,1
DA:6,1
DA:7,1
DA:8,1
DA:9,1
DA:10,1
DA:11,1
DA:12,1
DA:13,1
DA:14,1
DA:15,1
DA:16,1
DA:17,1
DA:18,1
DA:19,1
DA:20,1
DA:21,1
DA:22,1
DA:23,1
DA:24,1
DA:25,1
DA:26,1
DA:27,1
DA:28,1
DA:29,1
DA:30,1
DA:31,1
DA:32,1
DA:33,1
DA:34,1
DA:35,1
DA:36,1
DA:37,1
DA:38,1
DA:39,1
DA:40,1
DA:41,1
LF:41
LH:41
BRF:0
BRH:0
end_of_record
TN:
SF:packages/core/src/store.ts
FN:12,MemoryKeyStore
FN:14,add
FN:15,get
FN:16,list
FN:30,MemoryBlockStore
FN:34,list
FN:36,set
FN:43,history
FN:45,snapshotAt
FN:57,diffSince
FN:66,MemoryLog
FN:68,write
FN:69,entries
FNF:13
FNH:8
FNDA:0,MemoryKeyStore
FNDA:0,add
FNDA:0,get
FNDA:0,list
FNDA:2,MemoryBlockStore
FNDA:0,list
FNDA:3,set
FNDA:1,history
FNDA:2,snapshotAt
FNDA:1,diffSince
FNDA:1,MemoryLog
FNDA:1,write
FNDA:2,entries
DA:1,1
DA:2,1
DA:3,1
DA:4,1
DA:5,1
DA:6,1
DA:7,1
DA:8,1
DA:9,1
DA:10,1
DA:11,1
DA:12,1
DA:13,0
DA:14,1
DA:15,1
DA:16,1
DA:17,1
DA:18,1
DA:19,1
DA:20,1
DA:21,1
DA:22,1
DA:23,1
DA:24,1
DA:25,1
DA:26,1
DA:27,1
DA:28,1
DA:29,1
DA:30,1
DA:31,2
DA:32,2
DA:33,1
DA:34,1
DA:35,1
DA:36,1
DA:37,3
DA:38,3
DA:39,3
DA:40,3
DA:41,3
DA:42,1
DA:43,1
DA:44,1
DA:45,1
DA:46,2
DA:47,2
DA:48,2
DA:49,2
DA:50,2
DA:51,2
DA:52,2
DA:53,2
DA:54,1
DA:55,2
DA:56,1
DA:57,1
DA:58,1
DA:59,1
DA:60,1
DA:61,1
DA:62,1
DA:63,1
DA:64,1
DA:65,1
DA:66,1
DA:67,1
DA:68,1
DA:69,1
DA:70,1
LF:70
LH:69
BRDA:30,0,0,2
BRDA:36,1,0,3
BRDA:40,2,0,0
BRDA:43,3,0,1
BRDA:45,4,0,2
BRDA:46,5,0,0
BRDA:49,6,0,1
BRDA:52,7,0,0
BRDA:53,8,0,1
BRDA:57,9,0,1
BRDA:66,10,0,1
BRDA:68,11,0,1
BRDA:69,12,0,2
BRF:13
BRH:10
end_of_record
